{"name": "test_gate_01_pr_blocker", "status": "failed", "statusDetails": {"message": "AssertionError: Locator expected to be visible\nActual value: None\nError: element(s) not found \nCall log:\n  - Expect \"to_be_visible\" with timeout 10000ms\n  - waiting for get_by_role(\"link\", name=\"Projetos\")", "trace": "fixturefunc = <function step_validar_componente at 0x00000239EE72BAB0>\nrequest = <FixtureRequest for <Function test_gate_01_pr_blocker>>\nkwargs = {'page': <Page url='https://integrator.hom.solagora.com.br/'>}\n\n    def call_fixture_func(\n        fixturefunc: _FixtureFunc[FixtureValue], request: FixtureRequest, kwargs\n    ) -> FixtureValue:\n        if inspect.isgeneratorfunction(fixturefunc):\n            fixturefunc = cast(Callable[..., Generator[FixtureValue]], fixturefunc)\n            generator = fixturefunc(**kwargs)\n            try:\n                fixture_result = next(generator)\n            except StopIteration:\n                raise ValueError(f\"{request.fixturename} did not yield a value\") from None\n            finalizer = functools.partial(_teardown_yield_fixture, fixturefunc, generator)\n            request.addfinalizer(finalizer)\n        else:\n            fixturefunc = cast(Callable[..., FixtureValue], fixturefunc)\n>           fixture_result = fixturefunc(**kwargs)\n                             ^^^^^^^^^^^^^^^^^^^^^\n\n..\\..\\..\\PycharmProjects\\Bdd_SolAgora_Alure\\.venv\\Lib\\site-packages\\_pytest\\fixtures.py:915: \n_ _ _ _ _ _ _ _ _ _ _ _ _ _ _ _ _ _ _ _ _ _ _ _ _ _ _ _ _ _ _ _ _ _ _ _ _ _ _ _\n\npage = <Page url='https://integrator.hom.solagora.com.br/'>\n\n    @then('o componente de navegação deve carregar o menu de \"Projetos\"')\n    def step_validar_componente(page):\n        with allure.step(\"Validando carregamento do DOM - Menu Projetos\"):\n            # Mapeia o elemento e exige que ele esteja visível\n            menu_projetos = page.get_by_role(\"link\", name=\"Projetos\")\n>           expect(menu_projetos).to_be_visible(timeout=10000)\nE           AssertionError: Locator expected to be visible\nE           Actual value: None\nE           Error: element(s) not found \nE           Call log:\nE             - Expect \"to_be_visible\" with timeout 10000ms\nE             - waiting for get_by_role(\"link\", name=\"Projetos\")\n\ntests\\test_gate_01_auth.py:48: AssertionError"}, "description": "../features/login/01_auth.feature: Validar a liberação de acesso ao portal do Integrador", "steps": [{"name": "Verificando disponibilidade do ambiente de homologação", "status": "passed", "start": 1771977264765, "stop": 1771977268801}, {"name": "Injetando credenciais de autorização para: qaautomacao", "status": "passed", "steps": [{"name": "Realizar login com usuário 'qaautomacao'", "status": "passed", "parameters": [{"name": "usuario", "value": "'qaautomacao'"}, {"name": "senha", "value": "'solagora'"}], "start": 1771977268804, "stop": 1771977269551}], "start": 1771977268804, "stop": 1771977269551}, {"name": "Validando geração do token e redirecionamento seguro", "status": "passed", "start": 1771977269553, "stop": 1771977269666}, {"name": "Validando carregamento do DOM - Menu Projetos", "status": "failed", "statusDetails": {"message": "AssertionError: Locator expected to be visible\nActual value: None\nError: element(s) not found \nCall log:\n  - Expect \"to_be_visible\" with timeout 10000ms\n  - waiting for get_by_role(\"link\", name=\"Projetos\")\n\n", "trace": "  File \"C:\\Users\\rafae\\Documents\\.Controle Groovetech\\solagora-qa-automation-poc\\tests\\test_gate_01_auth.py\", line 48, in step_validar_componente\n    expect(menu_projetos).to_be_visible(timeout=10000)\n    ~~~~~~~~~~~~~~~~~~~~~~~~~~~~~~~~~~~^^^^^^^^^^^^^^^\n  File \"C:\\Users\\rafae\\PycharmProjects\\Bdd_SolAgora_Alure\\.venv\\Lib\\site-packages\\playwright\\sync_api\\_generated.py\", line 20523, in to_be_visible\n    self._sync(self._impl_obj.to_be_visible(visible=visible, timeout=timeout))\n    ~~~~~~~~~~^^^^^^^^^^^^^^^^^^^^^^^^^^^^^^^^^^^^^^^^^^^^^^^^^^^^^^^^^^^^^^^^\n  File \"C:\\Users\\rafae\\PycharmProjects\\Bdd_SolAgora_Alure\\.venv\\Lib\\site-packages\\playwright\\_impl\\_sync_base.py\", line 115, in _sync\n    return task.result()\n           ~~~~~~~~~~~^^\n  File \"C:\\Users\\rafae\\PycharmProjects\\Bdd_SolAgora_Alure\\.venv\\Lib\\site-packages\\playwright\\_impl\\_assertions.py\", line 765, in to_be_visible\n    await self._expect_impl(\n    ...<5 lines>...\n    )\n  File \"C:\\Users\\rafae\\PycharmProjects\\Bdd_SolAgora_Alure\\.venv\\Lib\\site-packages\\playwright\\_impl\\_assertions.py\", line 85, in _expect_impl\n    raise AssertionError(\n        f\"{out_message}\\nActual value: {actual}{error_message} {format_call_log(result.get('log'))}\"\n    )\n"}, "start": 1771977269666, "stop": 1771977269927}], "start": 1771977262545, "stop": 1771977269932, "uuid": "63c13043-33bf-46c1-b3ca-1b05be080b94", "historyId": "c6e008daa706c89ebc28f090e648ee99", "testCaseId": "c6e008daa706c89ebc28f090e648ee99", "fullName": "tests.test_gate_01_auth#test_gate_01_pr_blocker", "labels": [{"name": "story", "value": "Gate 01 - Autenticação Core"}, {"name": "feature", "value": "Pipeline Gates - PR Blockers"}, {"name": "tag", "value": "auth"}, {"name": "tag", "value": "pr_blocker"}, {"name": "tag", "value": "gate01"}, {"name": "tag", "value": "smoke_test"}, {"name": "parentSuite", "value": "tests"}, {"name": "suite", "value": "test_gate_01_auth"}, {"name": "host", "value": "RAMMD"}, {"name": "thread", "value": "46484-MainThread"}, {"name": "framework", "value": "pytest"}, {"name": "language", "value": "cpython3"}, {"name": "package", "value": "tests.test_gate_01_auth"}], "titlePath": ["tests", "test_gate_01_auth.py"]}